<?xml version="1.0" encoding="UTF-8" ?>
<testsuite tests="5" failures="0" name="pl.edu.wszib.CalculatorTest" time="0.004" errors="0" skipped="0">
  <properties>
[...]
</properties>
  <testcase classname="pl.edu.wszib.CalculatorTest" name="divide" time="0.004"/>
  <testcase classname="pl.edu.wszib.CalculatorTest" name="positiveSum" time="0"/>
  <testcase classname="pl.edu.wszib.CalculatorTest" name="negativeSum" time="0"/>
  <testcase classname="pl.edu.wszib.CalculatorTest" name="multiply" time="0"/>
  <testcase classname="pl.edu.wszib.CalculatorTest" name="difference" time="0"/>
</testsuite>